<?xml version="1.0" encoding="UTF-8"?>
<testsuite xmlns:xsi="http://www.w3.org/2001/XMLSchema-instance" xsi:noNamespaceSchemaLocation="https://maven.apache.org/surefire/maven-surefire-plugin/xsd/surefire-test-report-3.0.xsd" version="3.0" name="KVStoreThreadSafetyTest" time="0.118" tests="2" errors="0" skipped="0" failures="0">
  <properties>
[...]
</properties>
  <testcase name="testConcurrentPuts" classname="KVStoreThreadSafetyTest" time="0.057">
    <system-out><![CDATA[pool-2-thread-7 got lock 7
pool-2-thread-5 got lock 5
pool-2-thread-6 got lock 6
pool-2-thread-2 got lock 2
pool-2-thread-3 got lock 3
pool-2-thread-10 got lock 10
pool-2-thread-4 got lock 4
pool-2-thread-9 got lock 9
pool-2-thread-7 got lock table
pool-2-thread-8 got lock 8
pool-2-thread-1 got lock 1
pool-2-thread-8 got lock table
pool-2-thread-9 got lock table
pool-2-thread-4 got lock table
pool-2-thread-10 got lock table
pool-2-thread-7 got lock 15
pool-2-thread-10 got lock 0
pool-2-thread-7 got lock table
pool-2-thread-4 got lock 14
pool-2-thread-7 got lock 1
pool-2-thread-9 got lock 2
pool-2-thread-10 got lock table
pool-2-thread-3 got lock table
pool-2-thread-8 got lock 3
pool-2-thread-10 got lock 4
pool-2-thread-3 got lock 5
pool-2-thread-2 got lock table
pool-2-thread-6 got lock table
pool-2-thread-2 got lock 6
pool-2-thread-2 got lock table
pool-2-thread-6 got lock 7
pool-2-thread-5 got lock table
pool-2-thread-2 got lock 13
pool-2-thread-2 got lock table
pool-2-thread-5 got lock 14
pool-2-thread-6 got lock table
pool-2-thread-2 got lock 15
pool-2-thread-2 got lock table
pool-2-thread-6 got lock 0
pool-2-thread-3 got lock table
pool-2-thread-2 got lock 1
pool-2-thread-2 got lock table
pool-2-thread-3 got lock 2
pool-2-thread-10 got lock table
pool-2-thread-2 got lock 3
pool-2-thread-8 got lock table
pool-2-thread-10 got lock 4
pool-2-thread-10 got lock table
pool-2-thread-8 got lock 5
pool-2-thread-10 got lock 6
pool-2-thread-9 got lock table
pool-2-thread-7 got lock table
pool-2-thread-9 got lock 12
pool-2-thread-4 got lock table
pool-2-thread-7 got lock 13
pool-2-thread-7 got lock table
pool-2-thread-4 got lock 14
pool-2-thread-1 got lock table
pool-2-thread-7 got lock 15
pool-2-thread-7 got lock table
pool-2-thread-1 got lock 0
pool-2-thread-4 got lock table
pool-2-thread-7 got lock 1
pool-2-thread-4 got lock 2
pool-2-thread-7 got lock table
pool-2-thread-4 got lock table
pool-2-thread-7 got lock 3
pool-2-thread-9 got lock table
pool-2-thread-4 got lock 4
pool-2-thread-10 got lock table
pool-2-thread-9 got lock 5
pool-2-thread-9 got lock table
pool-2-thread-10 got lock 11
pool-2-thread-9 got lock 12
pool-2-thread-8 got lock table
pool-2-thread-9 got lock table
pool-2-thread-8 got lock 13
pool-2-thread-9 got lock 14
pool-2-thread-2 got lock table
pool-2-thread-3 got lock table
pool-2-thread-2 got lock 15
pool-2-thread-6 got lock table
pool-2-thread-3 got lock 0
pool-2-thread-5 got lock table
pool-2-thread-6 got lock 1
pool-2-thread-6 got lock table
pool-2-thread-5 got lock 2
pool-2-thread-6 got lock 3
pool-2-thread-3 got lock table
pool-2-thread-5 got lock table
pool-2-thread-3 got lock 4
pool-2-thread-2 got lock table
pool-2-thread-2 got lock 11
pool-2-thread-9 got lock table
pool-2-thread-2 got lock table
pool-2-thread-9 got lock 12
pool-2-thread-2 got lock 13
pool-2-thread-9 got lock table
pool-2-thread-9 got lock 14
pool-2-thread-9 got lock table
pool-2-thread-9 got lock 15
pool-2-thread-9 got lock table
pool-2-thread-9 got lock 0
pool-2-thread-9 got lock table
pool-2-thread-9 got lock 1
pool-2-thread-5 got lock 10
pool-2-thread-9 got lock table
pool-2-thread-9 got lock 2
pool-2-thread-9 got lock table
pool-2-thread-9 got lock 3
pool-2-thread-8 got lock table
pool-2-thread-8 got lock 9
pool-2-thread-10 got lock table
pool-2-thread-4 got lock table
pool-2-thread-10 got lock 10
pool-2-thread-10 got lock table
pool-2-thread-4 got lock 11
pool-2-thread-10 got lock 12
pool-2-thread-7 got lock table
pool-2-thread-1 got lock table
pool-2-thread-7 got lock 13
pool-2-thread-7 got lock table
pool-2-thread-1 got lock 14
pool-2-thread-7 got lock 15
pool-2-thread-1 got lock table
pool-2-thread-1 got lock 0
pool-2-thread-10 got lock table
pool-2-thread-4 got lock table
pool-2-thread-8 got lock table
pool-2-thread-4 got lock 2
pool-2-thread-10 got lock 1
pool-2-thread-8 got lock 8
pool-2-thread-9 got lock table
pool-2-thread-9 got lock 9
pool-2-thread-5 got lock table
pool-2-thread-5 got lock 10
pool-2-thread-2 got lock table
pool-2-thread-2 got lock 11
pool-2-thread-3 got lock table
pool-2-thread-6 got lock table
pool-2-thread-3 got lock 12
pool-2-thread-3 got lock table
pool-2-thread-6 got lock 13
pool-2-thread-2 got lock table
pool-2-thread-3 got lock 14
pool-2-thread-3 got lock table
pool-2-thread-2 got lock 15
pool-2-thread-5 got lock table
pool-2-thread-3 got lock 0
pool-2-thread-5 got lock 1
pool-2-thread-9 got lock table
pool-2-thread-9 got lock 7
pool-2-thread-8 got lock table
pool-2-thread-10 got lock table
pool-2-thread-8 got lock 8
pool-2-thread-10 got lock 9
pool-2-thread-4 got lock table
pool-2-thread-1 got lock table
pool-2-thread-4 got lock 10
pool-2-thread-4 got lock table
pool-2-thread-1 got lock 11
pool-2-thread-4 got lock 12
pool-2-thread-7 got lock table
pool-2-thread-7 got lock 13
pool-2-thread-4 got lock table
pool-2-thread-4 got lock 14
pool-2-thread-1 got lock table
pool-2-thread-1 got lock 15
pool-2-thread-10 got lock table
pool-2-thread-8 got lock table
pool-2-thread-10 got lock 0
pool-2-thread-8 got lock 6
pool-2-thread-9 got lock table
pool-2-thread-9 got lock 7
pool-2-thread-9 got lock table
pool-2-thread-9 got lock 8
pool-2-thread-5 got lock table
pool-2-thread-3 got lock table
pool-2-thread-5 got lock 9
pool-2-thread-3 got lock 10
pool-2-thread-2 got lock table
pool-2-thread-2 got lock 11
pool-2-thread-6 got lock table
pool-2-thread-6 got lock 12
pool-2-thread-2 got lock table
pool-2-thread-3 got lock table
pool-2-thread-2 got lock 13
pool-2-thread-3 got lock 14
pool-2-thread-2 got lock table
pool-2-thread-2 got lock 15
pool-2-thread-5 got lock table
pool-2-thread-9 got lock table
pool-2-thread-8 got lock table
pool-2-thread-10 got lock table
pool-2-thread-1 got lock table
pool-2-thread-4 got lock table
pool-2-thread-7 got lock table
pool-2-thread-2 got lock table
pool-2-thread-3 got lock table
pool-2-thread-6 got lock table
[0] ->(key12, value12)->(key23, value23)->(key34, value34)->(key45, value45)->(key56, value56)->(key67, value67)->(key78, value78)->(key89, value89)->
[1] ->(key0, value0)->(key13, value13)->(key24, value24)->(key35, value35)->(key46, value46)->(key57, value57)->(key68, value68)->(key79, value79)->
[2] ->(key1, value1)->(key14, value14)->(key25, value25)->(key36, value36)->(key47, value47)->(key58, value58)->(key69, value69)->
[3] ->(key2, value2)->(key15, value15)->(key26, value26)->(key37, value37)->(key48, value48)->(key59, value59)->
[4] ->(key3, value3)->(key16, value16)->(key27, value27)->(key38, value38)->(key49, value49)->
[5] ->(key4, value4)->(key17, value17)->(key28, value28)->(key39, value39)->
[6] ->(key5, value5)->(key18, value18)->(key29, value29)->(key90, value90)->
[7] ->(key6, value6)->(key19, value19)->(key80, value80)->(key91, value91)->
[8] ->(key7, value7)->(key70, value70)->(key81, value81)->(key92, value92)->
[9] ->(key8, value8)->(key60, value60)->(key71, value71)->(key82, value82)->(key93, value93)->
[10] ->(key9, value9)->(key50, value50)->(key61, value61)->(key72, value72)->(key83, value83)->(key94, value94)->
[11] ->(key40, value40)->(key51, value51)->(key62, value62)->(key73, value73)->(key84, value84)->(key95, value95)->
[12] ->(key30, value30)->(key41, value41)->(key52, value52)->(key63, value63)->(key74, value74)->(key85, value85)->(key96, value96)->
[13] ->(key20, value20)->(key31, value31)->(key42, value42)->(key53, value53)->(key64, value64)->(key75, value75)->(key86, value86)->(key97, value97)->
[14] ->(key10, value10)->(key21, value21)->(key32, value32)->(key43, value43)->(key54, value54)->(key65, value65)->(key76, value76)->(key87, value87)->(key98, value98)->
[15] ->(key11, value11)->(key22, value22)->(key33, value33)->(key44, value44)->(key55, value55)->(key66, value66)->(key77, value77)->(key88, value88)->(key99, value99)->

]]></system-out>
  </testcase>
  <testcase name="testConcurrentReadWriteSameKey" classname="KVStoreThreadSafetyTest" time="0.032">
    <system-out><![CDATA[main got lock 6
main got lock table
pool-3-thread-1 got lock 6
pool-3-thread-1 got lock 6
pool-3-thread-1 got lock 6
pool-3-thread-1 got lock 6
pool-3-thread-1 got lock 6
pool-3-thread-1 got lock 6
pool-3-thread-1 got lock 6
pool-3-thread-1 got lock 6
pool-3-thread-1 got lock 6
pool-3-thread-1 got lock 6
pool-3-thread-1 got lock 6
pool-3-thread-1 got lock 6
pool-3-thread-1 got lock 6
pool-3-thread-1 got lock 6
pool-3-thread-1 got lock 6
pool-3-thread-1 got lock 6
pool-3-thread-1 got lock 6
pool-3-thread-1 got lock 6
pool-3-thread-1 got lock 6
pool-3-thread-1 got lock 6
pool-3-thread-1 got lock 6
pool-3-thread-1 got lock 6
pool-3-thread-1 got lock 6
pool-3-thread-1 got lock 6
pool-3-thread-1 got lock 6
pool-3-thread-1 got lock 6
pool-3-thread-1 got lock 6
pool-3-thread-1 got lock 6
pool-3-thread-1 got lock 6
pool-3-thread-1 got lock 6
pool-3-thread-1 got lock 6
pool-3-thread-1 got lock 6
pool-3-thread-1 got lock 6
pool-3-thread-1 got lock 6
pool-3-thread-1 got lock 6
pool-3-thread-1 got lock 6
pool-3-thread-1 got lock 6
pool-3-thread-1 got lock 6
pool-3-thread-1 got lock 6
pool-3-thread-1 got lock 6
pool-3-thread-1 got lock 6
pool-3-thread-1 got lock 6
pool-3-thread-1 got lock 6
pool-3-thread-1 got lock 6
pool-3-thread-1 got lock 6
pool-3-thread-1 got lock 6
pool-3-thread-1 got lock 6
pool-3-thread-1 got lock 6
pool-3-thread-1 got lock 6
pool-3-thread-1 got lock 6
pool-3-thread-1 got lock 6
pool-3-thread-1 got lock 6
pool-3-thread-1 got lock 6
pool-3-thread-1 got lock 6
pool-3-thread-1 got lock 6
pool-3-thread-1 got lock 6
pool-3-thread-1 got lock 6
pool-3-thread-1 got lock 6
pool-3-thread-1 got lock 6
pool-3-thread-1 got lock 6
pool-3-thread-1 got lock 6
pool-3-thread-1 got lock 6
pool-3-thread-1 got lock 6
pool-3-thread-1 got lock 6
pool-3-thread-1 got lock 6
pool-3-thread-1 got lock 6
pool-3-thread-1 got lock 6
pool-3-thread-1 got lock 6
pool-3-thread-1 got lock 6
pool-3-thread-1 got lock 6
pool-3-thread-1 got lock 6
pool-3-thread-1 got lock 6
pool-3-thread-1 got lock 6
pool-3-thread-1 got lock 6
pool-3-thread-1 got lock 6
pool-3-thread-1 got lock 6
pool-3-thread-1 got lock 6
pool-3-thread-1 got lock 6
pool-3-thread-1 got lock 6
pool-3-thread-1 got lock 6
pool-3-thread-1 got lock 6
pool-3-thread-1 got lock 6
pool-3-thread-1 got lock 6
pool-3-thread-1 got lock 6
pool-3-thread-1 got lock 6
pool-3-thread-1 got lock 6
pool-3-thread-1 got lock 6
pool-3-thread-1 got lock 6
pool-3-thread-1 got lock 6
pool-3-thread-1 got lock 6
pool-3-thread-1 got lock 6
pool-3-thread-1 got lock 6
pool-3-thread-1 got lock 6
pool-3-thread-1 got lock 6
pool-3-thread-1 got lock 6
pool-3-thread-1 got lock 6
pool-3-thread-1 got lock 6
pool-3-thread-1 got lock 6
pool-3-thread-1 got lock 6
pool-3-thread-1 got lock 6
pool-3-thread-1 got lock 6
pool-3-thread-1 got lock 6
pool-3-thread-1 got lock 6
pool-3-thread-1 got lock 6
pool-3-thread-1 got lock 6
pool-3-thread-1 got lock 6
pool-3-thread-1 got lock 6
pool-3-thread-1 got lock 6
pool-3-thread-1 got lock 6
pool-3-thread-1 got lock 6
pool-3-thread-1 got lock 6
pool-3-thread-1 got lock 6
pool-3-thread-1 got lock 6
pool-3-thread-1 got lock 6
pool-3-thread-1 got lock 6
pool-3-thread-1 got lock 6
pool-3-thread-1 got lock 6
pool-3-thread-1 got lock 6
pool-3-thread-1 got lock 6
pool-3-thread-1 got lock 6
pool-3-thread-1 got lock 6
pool-3-thread-1 got lock 6
pool-3-thread-1 got lock 6
pool-3-thread-1 got lock 6
pool-3-thread-1 got lock 6
pool-3-thread-1 got lock 6
pool-3-thread-1 got lock 6
pool-3-thread-1 got lock 6
pool-3-thread-1 got lock 6
pool-3-thread-1 got lock 6
pool-3-thread-1 got lock 6
pool-3-thread-1 got lock 6
pool-3-thread-1 got lock 6
pool-3-thread-1 got lock 6
pool-3-thread-1 got lock 6
pool-3-thread-1 got lock 6
pool-3-thread-1 got lock 6
pool-3-thread-1 got lock 6
pool-3-thread-1 got lock 6
pool-3-thread-1 got lock 6
pool-3-thread-1 got lock 6
pool-3-thread-1 got lock 6
pool-3-thread-1 got lock 6
pool-3-thread-1 got lock 6
pool-3-thread-1 got lock 6
pool-3-thread-1 got lock 6
pool-3-thread-1 got lock 6
pool-3-thread-1 got lock 6
pool-3-thread-1 got lock 6
pool-3-thread-1 got lock 6
pool-3-thread-1 got lock 6
pool-3-thread-1 got lock 6
pool-3-thread-1 got lock 6
pool-3-thread-1 got lock 6
pool-3-thread-1 got lock 6
pool-3-thread-1 got lock 6
pool-3-thread-1 got lock 6
pool-3-thread-1 got lock 6
pool-3-thread-1 got lock 6
pool-3-thread-1 got lock 6
pool-3-thread-1 got lock 6
pool-3-thread-1 got lock 6
pool-3-thread-1 got lock 6
pool-3-thread-1 got lock 6
pool-3-thread-1 got lock 6
pool-3-thread-1 got lock 6
pool-3-thread-1 got lock 6
pool-3-thread-1 got lock 6
pool-3-thread-1 got lock 6
pool-3-thread-1 got lock 6
pool-3-thread-1 got lock 6
pool-3-thread-1 got lock 6
pool-3-thread-1 got lock 6
pool-3-thread-1 got lock 6
pool-3-thread-1 got lock 6
pool-3-thread-1 got lock 6
pool-3-thread-1 got lock 6
pool-3-thread-1 got lock 6
pool-3-thread-1 got lock 6
pool-3-thread-1 got lock 6
pool-3-thread-1 got lock 6
pool-3-thread-1 got lock 6
pool-3-thread-1 got lock 6
pool-3-thread-1 got lock 6
pool-3-thread-1 got lock 6
pool-3-thread-1 got lock 6
pool-3-thread-1 got lock 6
pool-3-thread-1 got lock 6
pool-3-thread-1 got lock 6
pool-3-thread-1 got lock 6
pool-3-thread-1 got lock 6
pool-3-thread-1 got lock 6
pool-3-thread-1 got lock 6
pool-3-thread-1 got lock 6
pool-3-thread-1 got lock 6
pool-3-thread-1 got lock 6
pool-3-thread-1 got lock 6
pool-3-thread-1 got lock 6
pool-3-thread-1 got lock 6
pool-3-thread-1 got lock 6
pool-3-thread-1 got lock 6
pool-3-thread-1 got lock 6
pool-3-thread-1 got lock 6
pool-3-thread-1 got lock 6
pool-3-thread-1 got lock 6
pool-3-thread-1 got lock 6
pool-3-thread-1 got lock 6
pool-3-thread-1 got lock 6
pool-3-thread-1 got lock 6
pool-3-thread-1 got lock 6
pool-3-thread-1 got lock 6
pool-3-thread-1 got lock 6
pool-3-thread-1 got lock 6
pool-3-thread-1 got lock 6
pool-3-thread-1 got lock 6
pool-3-thread-1 got lock 6
pool-3-thread-1 got lock 6
pool-3-thread-1 got lock 6
pool-3-thread-1 got lock 6
pool-3-thread-1 got lock 6
pool-3-thread-1 got lock 6
pool-3-thread-1 got lock 6
pool-3-thread-1 got lock 6
pool-3-thread-1 got lock 6
pool-3-thread-1 got lock 6
pool-3-thread-1 got lock 6
pool-3-thread-1 got lock 6
pool-3-thread-1 got lock 6
pool-3-thread-1 got lock 6
pool-3-thread-1 got lock 6
pool-3-thread-1 got lock 6
pool-3-thread-1 got lock 6
pool-3-thread-1 got lock 6
pool-3-thread-1 got lock 6
pool-3-thread-1 got lock 6
pool-3-thread-1 got lock 6
pool-3-thread-1 got lock 6
pool-3-thread-1 got lock 6
pool-3-thread-1 got lock 6
pool-3-thread-1 got lock 6
pool-3-thread-1 got lock 6
pool-3-thread-1 got lock 6
pool-3-thread-1 got lock 6
pool-3-thread-1 got lock 6
pool-3-thread-1 got lock 6
pool-3-thread-1 got lock 6
pool-3-thread-1 got lock 6
pool-3-thread-1 got lock 6
pool-3-thread-1 got lock 6
pool-3-thread-1 got lock 6
pool-3-thread-1 got lock 6
pool-3-thread-1 got lock 6
pool-3-thread-1 got lock 6
pool-3-thread-1 got lock 6
pool-3-thread-1 got lock 6
pool-3-thread-1 got lock 6
pool-3-thread-1 got lock 6
pool-3-thread-1 got lock 6
pool-3-thread-1 got lock 6
pool-3-thread-1 got lock 6
pool-3-thread-1 got lock 6
pool-3-thread-1 got lock 6
pool-3-thread-1 got lock 6
pool-3-thread-1 got lock 6
pool-3-thread-1 got lock 6
pool-3-thread-1 got lock 6
pool-3-thread-1 got lock 6
pool-3-thread-1 got lock 6
pool-3-thread-1 got lock 6
pool-3-thread-1 got lock 6
pool-3-thread-1 got lock 6
pool-3-thread-1 got lock 6
pool-3-thread-1 got lock 6
pool-3-thread-1 got lock 6
pool-3-thread-1 got lock 6
pool-3-thread-1 got lock 6
pool-3-thread-1 got lock 6
pool-3-thread-1 got lock 6
pool-3-thread-1 got lock 6
pool-3-thread-1 got lock 6
pool-3-thread-1 got lock 6
pool-3-thread-1 got lock 6
pool-3-thread-1 got lock 6
pool-3-thread-1 got lock 6
pool-3-thread-1 got lock 6
pool-3-thread-1 got lock 6
pool-3-thread-1 got lock 6
pool-3-thread-1 got lock 6
pool-3-thread-1 got lock 6
pool-3-thread-1 got lock 6
pool-3-thread-1 got lock 6
pool-3-thread-1 got lock 6
pool-3-thread-1 got lock 6
pool-3-thread-1 got lock 6
pool-3-thread-1 got lock 6
pool-3-thread-1 got lock 6
pool-3-thread-1 got lock 6
pool-3-thread-1 got lock 6
pool-3-thread-1 got lock 6
pool-3-thread-1 got lock 6
pool-3-thread-1 got lock 6
pool-3-thread-1 got lock 6
pool-3-thread-1 got lock 6
pool-3-thread-1 got lock 6
pool-3-thread-1 got lock 6
pool-3-thread-1 got lock 6
pool-3-thread-1 got lock 6
pool-3-thread-1 got lock 6
pool-3-thread-1 got lock 6
pool-3-thread-1 got lock 6
pool-3-thread-1 got lock 6
pool-3-thread-1 got lock 6
pool-3-thread-1 got lock 6
pool-3-thread-1 got lock 6
pool-3-thread-1 got lock 6
pool-3-thread-1 got lock 6
pool-3-thread-1 got lock 6
pool-3-thread-1 got lock 6
pool-3-thread-1 got lock 6
pool-3-thread-1 got lock 6
pool-3-thread-1 got lock 6
pool-3-thread-1 got lock 6
pool-3-thread-1 got lock 6
pool-3-thread-1 got lock 6
pool-3-thread-1 got lock 6
pool-3-thread-1 got lock 6
pool-3-thread-1 got lock 6
pool-3-thread-1 got lock 6
pool-3-thread-1 got lock 6
pool-3-thread-1 got lock 6
pool-3-thread-1 got lock 6
pool-3-thread-1 got lock 6
pool-3-thread-1 got lock 6
pool-3-thread-1 got lock 6
pool-3-thread-1 got lock 6
pool-3-thread-1 got lock 6
pool-3-thread-1 got lock 6
pool-3-thread-1 got lock 6
pool-3-thread-1 got lock 6
pool-3-thread-1 got lock 6
pool-3-thread-1 got lock 6
pool-3-thread-1 got lock 6
pool-3-thread-1 got lock 6
pool-3-thread-1 got lock 6
pool-3-thread-1 got lock 6
pool-3-thread-1 got lock 6
pool-3-thread-1 got lock 6
pool-3-thread-1 got lock 6
pool-3-thread-1 got lock 6
pool-3-thread-1 got lock 6
pool-3-thread-1 got lock 6
pool-3-thread-1 got lock 6
pool-3-thread-1 got lock 6
pool-3-thread-1 got lock 6
pool-3-thread-1 got lock 6
pool-3-thread-1 got lock 6
pool-3-thread-1 got lock 6
pool-3-thread-1 got lock 6
pool-3-thread-1 got lock 6
pool-3-thread-1 got lock 6
pool-3-thread-1 got lock 6
pool-3-thread-1 got lock 6
pool-3-thread-1 got lock 6
pool-3-thread-1 got lock 6
pool-3-thread-1 got lock 6
pool-3-thread-1 got lock 6
pool-3-thread-1 got lock 6
pool-3-thread-1 got lock 6
pool-3-thread-1 got lock 6
pool-3-thread-1 got lock 6
pool-3-thread-1 got lock 6
pool-3-thread-1 got lock 6
pool-3-thread-1 got lock 6
pool-3-thread-1 got lock 6
pool-3-thread-1 got lock 6
pool-3-thread-1 got lock 6
pool-3-thread-1 got lock 6
pool-3-thread-1 got lock 6
pool-3-thread-1 got lock 6
pool-3-thread-1 got lock 6
pool-3-thread-1 got lock 6
pool-3-thread-1 got lock 6
pool-3-thread-1 got lock 6
pool-3-thread-1 got lock 6
pool-3-thread-1 got lock 6
pool-3-thread-1 got lock 6
pool-3-thread-1 got lock 6
pool-3-thread-1 got lock 6
pool-3-thread-1 got lock 6
pool-3-thread-1 got lock 6
pool-3-thread-1 got lock 6
pool-3-thread-1 got lock 6
pool-3-thread-1 got lock 6
pool-3-thread-1 got lock 6
pool-3-thread-1 got lock 6
pool-3-thread-1 got lock 6
pool-3-thread-1 got lock 6
pool-3-thread-1 got lock 6
pool-3-thread-1 got lock 6
pool-3-thread-1 got lock 6
pool-3-thread-1 got lock 6
pool-3-thread-1 got lock 6
pool-3-thread-1 got lock 6
pool-3-thread-1 got lock 6
pool-3-thread-1 got lock 6
pool-3-thread-1 got lock 6
pool-3-thread-1 got lock 6
pool-3-thread-1 got lock 6
pool-3-thread-1 got lock 6
pool-3-thread-1 got lock 6
pool-3-thread-1 got lock 6
pool-3-thread-1 got lock 6
pool-3-thread-1 got lock 6
pool-3-thread-1 got lock 6
pool-3-thread-1 got lock 6
pool-3-thread-1 got lock 6
pool-3-thread-1 got lock 6
pool-3-thread-1 got lock 6
pool-3-thread-1 got lock 6
pool-3-thread-1 got lock 6
pool-3-thread-1 got lock 6
pool-3-thread-1 got lock 6
pool-3-thread-1 got lock 6
pool-3-thread-1 got lock 6
pool-3-thread-1 got lock 6
pool-3-thread-1 got lock 6
pool-3-thread-1 got lock 6
pool-3-thread-1 got lock 6
pool-3-thread-1 got lock 6
pool-3-thread-1 got lock 6
pool-3-thread-1 got lock 6
pool-3-thread-1 got lock 6
pool-3-thread-1 got lock 6
pool-3-thread-1 got lock 6
pool-3-thread-1 got lock 6
pool-3-thread-1 got lock 6
pool-3-thread-1 got lock 6
pool-3-thread-1 got lock 6
pool-3-thread-1 got lock 6
pool-3-thread-1 got lock 6
pool-3-thread-1 got lock 6
pool-3-thread-1 got lock 6
pool-3-thread-1 got lock 6
pool-3-thread-1 got lock 6
pool-3-thread-1 got lock 6
pool-3-thread-1 got lock 6
pool-3-thread-1 got lock 6
pool-3-thread-1 got lock 6
pool-3-thread-1 got lock 6
pool-3-thread-1 got lock 6
pool-3-thread-1 got lock 6
pool-3-thread-1 got lock 6
pool-3-thread-1 got lock 6
pool-3-thread-1 got lock 6
pool-3-thread-1 got lock 6
pool-3-thread-1 got lock 6
pool-3-thread-1 got lock 6
pool-3-thread-1 got lock 6
pool-3-thread-1 got lock 6
pool-3-thread-1 got lock 6
pool-3-thread-1 got lock 6
pool-3-thread-1 got lock 6
pool-3-thread-1 got lock 6
pool-3-thread-1 got lock 6
pool-3-thread-1 got lock 6
pool-3-thread-1 got lock 6
pool-3-thread-1 got lock 6
pool-3-thread-1 got lock 6
pool-3-thread-1 got lock 6
pool-3-thread-1 got lock 6
pool-3-thread-1 got lock 6
pool-3-thread-1 got lock 6
pool-3-thread-1 got lock 6
pool-3-thread-1 got lock 6
pool-3-thread-1 got lock 6
pool-3-thread-1 got lock 6
pool-3-thread-1 got lock 6
pool-3-thread-1 got lock 6
pool-3-thread-1 got lock 6
pool-3-thread-1 got lock 6
pool-3-thread-1 got lock 6
pool-3-thread-1 got lock 6
pool-3-thread-1 got lock 6
pool-3-thread-1 got lock 6
pool-3-thread-1 got lock 6
pool-3-thread-1 got lock 6
pool-3-thread-1 got lock 6
pool-3-thread-1 got lock 6
pool-3-thread-1 got lock 6
pool-3-thread-1 got lock 6
pool-3-thread-1 got lock 6
pool-3-thread-1 got lock 6
pool-3-thread-1 got lock 6
pool-3-thread-1 got lock 6
pool-3-thread-1 got lock 6
pool-3-thread-1 got lock 6
pool-3-thread-1 got lock 6
pool-3-thread-1 got lock 6
pool-3-thread-1 got lock 6
pool-3-thread-1 got lock 6
pool-3-thread-1 got lock 6
pool-3-thread-1 got lock 6
pool-3-thread-1 got lock 6
pool-3-thread-1 got lock 6
pool-3-thread-1 got lock 6
pool-3-thread-1 got lock 6
pool-3-thread-1 got lock 6
pool-3-thread-1 got lock 6
pool-3-thread-1 got lock 6
pool-3-thread-1 got lock 6
pool-3-thread-1 got lock 6
pool-3-thread-1 got lock 6
pool-3-thread-1 got lock 6
pool-3-thread-1 got lock 6
pool-3-thread-1 got lock 6
pool-3-thread-1 got lock 6
pool-3-thread-1 got lock 6
pool-3-thread-1 got lock 6
pool-3-thread-1 got lock 6
pool-3-thread-1 got lock 6
pool-3-thread-1 got lock 6
pool-3-thread-1 got lock 6
pool-3-thread-1 got lock 6
pool-3-thread-1 got lock 6
pool-3-thread-1 got lock 6
pool-3-thread-1 got lock 6
pool-3-thread-1 got lock 6
pool-3-thread-1 got lock 6
pool-3-thread-1 got lock 6
pool-3-thread-1 got lock 6
pool-3-thread-1 got lock 6
pool-3-thread-1 got lock 6
pool-3-thread-1 got lock 6
pool-3-thread-1 got lock 6
pool-3-thread-1 got lock 6
pool-3-thread-1 got lock 6
pool-3-thread-1 got lock 6
pool-3-thread-1 got lock 6
pool-3-thread-1 got lock 6
pool-3-thread-1 got lock 6
pool-3-thread-1 got lock 6
pool-3-thread-1 got lock 6
pool-3-thread-1 got lock 6
pool-3-thread-1 got lock 6
pool-3-thread-1 got lock 6
pool-3-thread-1 got lock 6
pool-3-thread-1 got lock 6
pool-3-thread-1 got lock 6
pool-3-thread-1 got lock 6
pool-3-thread-1 got lock 6
pool-3-thread-1 got lock 6
pool-3-thread-1 got lock 6
pool-3-thread-1 got lock 6
pool-3-thread-1 got lock 6
pool-3-thread-1 got lock 6
pool-3-thread-1 got lock 6
pool-3-thread-1 got lock 6
pool-3-thread-1 got lock 6
pool-3-thread-1 got lock 6
pool-3-thread-1 got lock 6
pool-3-thread-1 got lock 6
pool-3-thread-1 got lock 6
pool-3-thread-1 got lock 6
pool-3-thread-1 got lock 6
pool-3-thread-1 got lock 6
pool-3-thread-1 got lock 6
pool-3-thread-1 got lock 6
pool-3-thread-1 got lock 6
pool-3-thread-1 got lock 6
pool-3-thread-1 got lock 6
pool-3-thread-1 got lock 6
pool-3-thread-1 got lock 6
pool-3-thread-1 got lock 6
pool-3-thread-1 got lock 6
pool-3-thread-1 got lock 6
pool-3-thread-1 got lock 6
pool-3-thread-1 got lock 6
pool-3-thread-1 got lock 6
pool-3-thread-1 got lock 6
pool-3-thread-1 got lock 6
pool-3-thread-1 got lock 6
pool-3-thread-1 got lock 6
pool-3-thread-1 got lock 6
pool-3-thread-1 got lock 6
pool-3-thread-1 got lock 6
pool-3-thread-1 got lock 6
pool-3-thread-1 got lock 6
pool-3-thread-1 got lock 6
pool-3-thread-1 got lock 6
pool-3-thread-1 got lock 6
pool-3-thread-1 got lock 6
pool-3-thread-1 got lock 6
pool-3-thread-1 got lock 6
pool-3-thread-1 got lock 6
pool-3-thread-1 got lock 6
pool-3-thread-1 got lock 6
pool-3-thread-1 got lock 6
pool-3-thread-1 got lock 6
pool-3-thread-1 got lock 6
pool-3-thread-1 got lock 6
pool-3-thread-1 got lock 6
pool-3-thread-1 got lock 6
pool-3-thread-1 got lock 6
pool-3-thread-1 got lock 6
pool-3-thread-1 got lock 6
pool-3-thread-1 got lock 6
pool-3-thread-1 got lock 6
pool-3-thread-1 got lock 6
pool-3-thread-1 got lock 6
pool-3-thread-1 got lock 6
pool-3-thread-1 got lock 6
pool-3-thread-1 got lock 6
pool-3-thread-1 got lock 6
pool-3-thread-1 got lock 6
pool-3-thread-1 got lock 6
pool-3-thread-1 got lock 6
pool-3-thread-1 got lock 6
pool-3-thread-1 got lock 6
pool-3-thread-1 got lock 6
pool-3-thread-1 got lock 6
pool-3-thread-1 got lock 6
pool-3-thread-1 got lock 6
pool-3-thread-1 got lock 6
pool-3-thread-1 got lock 6
pool-3-thread-1 got lock 6
pool-3-thread-1 got lock 6
pool-3-thread-1 got lock 6
pool-3-thread-1 got lock 6
pool-3-thread-1 got lock 6
pool-3-thread-1 got lock 6
pool-3-thread-1 got lock 6
pool-3-thread-1 got lock 6
pool-3-thread-1 got lock 6
pool-3-thread-1 got lock 6
pool-3-thread-1 got lock 6
pool-3-thread-1 got lock 6
pool-3-thread-1 got lock 6
pool-3-thread-1 got lock 6
pool-3-thread-1 got lock 6
pool-3-thread-1 got lock 6
pool-3-thread-1 got lock 6
pool-3-thread-1 got lock 6
pool-3-thread-1 got lock 6
pool-3-thread-1 got lock 6
pool-3-thread-1 got lock 6
pool-3-thread-1 got lock 6
pool-3-thread-1 got lock 6
pool-3-thread-1 got lock 6
pool-3-thread-1 got lock 6
pool-3-thread-1 got lock 6
pool-3-thread-1 got lock 6
pool-3-thread-1 got lock 6
pool-3-thread-1 got lock 6
pool-3-thread-1 got lock 6
pool-3-thread-1 got lock 6
pool-3-thread-1 got lock 6
pool-3-thread-1 got lock 6
pool-3-thread-1 got lock 6
pool-3-thread-1 got lock 6
pool-3-thread-1 got lock 6
pool-3-thread-1 got lock 6
pool-3-thread-1 got lock 6
pool-3-thread-1 got lock 6
pool-3-thread-1 got lock 6
pool-3-thread-1 got lock 6
pool-3-thread-1 got lock 6
pool-3-thread-1 got lock 6
pool-3-thread-1 got lock 6
pool-3-thread-1 got lock 6
pool-3-thread-1 got lock 6
pool-3-thread-1 got lock 6
pool-3-thread-1 got lock 6
pool-3-thread-1 got lock 6
pool-3-thread-1 got lock 6
pool-3-thread-1 got lock 6
pool-3-thread-1 got lock 6
pool-3-thread-1 got lock 6
pool-3-thread-1 got lock 6
pool-3-thread-1 got lock 6
pool-3-thread-1 got lock 6
pool-3-thread-1 got lock 6
pool-3-thread-1 got lock 6
pool-3-thread-1 got lock 6
pool-3-thread-1 got lock 6
pool-3-thread-1 got lock 6
pool-3-thread-1 got lock 6
pool-3-thread-1 got lock 6
pool-3-thread-1 got lock 6
pool-3-thread-1 got lock 6
pool-3-thread-1 got lock 6
pool-3-thread-1 got lock 6
pool-3-thread-1 got lock 6
pool-3-thread-1 got lock 6
pool-3-thread-1 got lock 6
pool-3-thread-1 got lock 6
pool-3-thread-1 got lock 6
pool-3-thread-1 got lock 6
pool-3-thread-1 got lock 6
pool-3-thread-1 got lock 6
pool-3-thread-1 got lock 6
pool-3-thread-1 got lock 6
pool-3-thread-1 got lock 6
pool-3-thread-1 got lock 6
pool-3-thread-1 got lock 6
pool-3-thread-1 got lock 6
pool-3-thread-1 got lock 6
pool-3-thread-1 got lock 6
pool-3-thread-1 got lock 6
pool-3-thread-1 got lock 6
pool-3-thread-1 got lock 6
pool-3-thread-1 got lock 6
pool-3-thread-1 got lock 6
pool-3-thread-1 got lock 6
pool-3-thread-1 got lock 6
pool-3-thread-1 got lock 6
pool-3-thread-1 got lock 6
pool-3-thread-1 got lock 6
pool-3-thread-1 got lock 6
pool-3-thread-1 got lock 6
pool-3-thread-1 got lock 6
pool-3-thread-1 got lock 6
pool-3-thread-1 got lock 6
pool-3-thread-1 got lock 6
pool-3-thread-1 got lock 6
pool-3-thread-1 got lock 6
pool-3-thread-1 got lock 6
pool-3-thread-1 got lock 6
pool-3-thread-1 got lock 6
pool-3-thread-1 got lock 6
pool-3-thread-1 got lock 6
pool-3-thread-1 got lock 6
pool-3-thread-1 got lock 6
pool-3-thread-1 got lock 6
pool-3-thread-1 got lock 6
pool-3-thread-1 got lock 6
pool-3-thread-1 got lock 6
pool-3-thread-1 got lock 6
pool-3-thread-1 got lock 6
pool-3-thread-1 got lock 6
pool-3-thread-1 got lock 6
pool-3-thread-1 got lock 6
pool-3-thread-1 got lock 6
pool-3-thread-1 got lock 6
pool-3-thread-1 got lock 6
pool-3-thread-1 got lock 6
pool-3-thread-1 got lock 6
pool-3-thread-1 got lock 6
pool-3-thread-1 got lock 6
pool-3-thread-1 got lock 6
pool-3-thread-1 got lock 6
pool-3-thread-1 got lock 6
pool-3-thread-1 got lock 6
pool-3-thread-1 got lock 6
pool-3-thread-1 got lock 6
pool-3-thread-1 got lock 6
pool-3-thread-1 got lock 6
pool-3-thread-1 got lock 6
pool-3-thread-1 got lock 6
pool-3-thread-1 got lock 6
pool-3-thread-1 got lock 6
pool-3-thread-1 got lock 6
pool-3-thread-1 got lock 6
pool-3-thread-1 got lock 6
pool-3-thread-1 got lock 6
pool-3-thread-1 got lock 6
pool-3-thread-1 got lock 6
pool-3-thread-1 got lock 6
pool-3-thread-1 got lock 6
pool-3-thread-1 got lock 6
pool-3-thread-1 got lock 6
pool-3-thread-1 got lock 6
pool-3-thread-1 got lock 6
pool-3-thread-1 got lock 6
pool-3-thread-1 got lock 6
pool-3-thread-1 got lock 6
pool-3-thread-1 got lock 6
pool-3-thread-1 got lock 6
pool-3-thread-1 got lock 6
pool-3-thread-1 got lock 6
pool-3-thread-1 got lock 6
pool-3-thread-1 got lock 6
pool-3-thread-1 got lock 6
pool-3-thread-1 got lock 6
pool-3-thread-1 got lock 6
pool-3-thread-1 got lock 6
pool-3-thread-1 got lock 6
pool-3-thread-1 got lock 6
pool-3-thread-1 got lock 6
pool-3-thread-1 got lock 6
pool-3-thread-1 got lock 6
pool-3-thread-1 got lock 6
pool-3-thread-1 got lock 6
pool-3-thread-1 got lock 6
pool-3-thread-1 got lock 6
pool-3-thread-1 got lock 6
pool-3-thread-1 got lock 6
pool-3-thread-1 got lock 6
pool-3-thread-1 got lock 6
pool-3-thread-1 got lock 6
pool-3-thread-1 got lock 6
pool-3-thread-1 got lock 6
pool-3-thread-1 got lock 6
pool-3-thread-1 got lock 6
pool-3-thread-1 got lock 6
pool-3-thread-1 got lock 6
pool-3-thread-1 got lock 6
pool-3-thread-1 got lock 6
pool-3-thread-1 got lock 6
pool-3-thread-1 got lock 6
pool-3-thread-1 got lock 6
pool-3-thread-1 got lock 6
pool-3-thread-1 got lock 6
pool-3-thread-1 got lock 6
pool-3-thread-1 got lock 6
pool-3-thread-1 got lock 6
pool-3-thread-1 got lock 6
pool-3-thread-1 got lock 6
pool-3-thread-1 got lock 6
pool-3-thread-1 got lock 6
pool-3-thread-1 got lock 6
pool-3-thread-1 got lock 6
pool-3-thread-1 got lock 6
pool-3-thread-1 got lock 6
pool-3-thread-1 got lock 6
pool-3-thread-1 got lock 6
pool-3-thread-1 got lock 6
pool-3-thread-1 got lock 6
pool-3-thread-1 got lock 6
pool-3-thread-1 got lock 6
pool-3-thread-1 got lock 6
pool-3-thread-1 got lock 6
pool-3-thread-1 got lock 6
pool-3-thread-1 got lock 6
pool-3-thread-1 got lock 6
pool-3-thread-1 got lock 6
pool-3-thread-1 got lock 6
pool-3-thread-1 got lock 6
pool-3-thread-1 got lock 6
pool-3-thread-1 got lock 6
pool-3-thread-1 got lock 6
pool-3-thread-1 got lock 6
pool-3-thread-1 got lock 6
pool-3-thread-1 got lock 6
pool-3-thread-1 got lock 6
pool-3-thread-1 got lock 6
pool-3-thread-1 got lock 6
pool-3-thread-1 got lock 6
pool-3-thread-1 got lock 6
pool-3-thread-1 got lock 6
pool-3-thread-1 got lock 6
pool-3-thread-1 got lock 6
pool-3-thread-1 got lock 6
pool-3-thread-1 got lock 6
pool-3-thread-1 got lock 6
pool-3-thread-1 got lock 6
pool-3-thread-1 got lock 6
pool-3-thread-1 got lock 6
pool-3-thread-1 got lock 6
pool-3-thread-1 got lock 6
pool-3-thread-1 got lock 6
pool-3-thread-1 got lock 6
pool-3-thread-1 got lock 6
pool-3-thread-1 got lock 6
pool-3-thread-1 got lock 6
pool-3-thread-1 got lock 6
pool-3-thread-1 got lock 6
pool-3-thread-1 got lock 6
pool-3-thread-1 got lock 6
pool-3-thread-1 got lock 6
pool-3-thread-1 got lock 6
pool-3-thread-1 got lock 6
pool-3-thread-1 got lock 6
pool-3-thread-1 got lock 6
pool-3-thread-1 got lock 6
pool-3-thread-1 got lock 6
pool-3-thread-1 got lock 6
pool-3-thread-1 got lock 6
pool-3-thread-1 got lock 6
pool-3-thread-1 got lock 6
pool-3-thread-1 got lock 6
pool-3-thread-1 got lock 6
pool-3-thread-1 got lock 6
pool-3-thread-1 got lock 6
pool-3-thread-1 got lock 6
pool-3-thread-1 got lock 6
pool-3-thread-1 got lock 6
pool-3-thread-1 got lock 6
pool-3-thread-1 got lock 6
pool-3-thread-1 got lock 6
pool-3-thread-1 got lock 6
pool-3-thread-1 got lock 6
pool-3-thread-1 got lock 6
pool-3-thread-1 got lock 6
pool-3-thread-1 got lock 6
pool-3-thread-1 got lock 6
pool-3-thread-1 got lock 6
pool-3-thread-1 got lock 6
pool-3-thread-1 got lock 6
pool-3-thread-1 got lock 6
pool-3-thread-1 got lock 6
pool-3-thread-1 got lock 6
pool-3-thread-1 got lock 6
pool-3-thread-1 got lock 6
pool-3-thread-1 got lock 6
pool-3-thread-1 got lock 6
pool-3-thread-1 got lock 6
pool-3-thread-1 got lock 6
pool-3-thread-1 got lock 6
pool-3-thread-1 got lock 6
pool-3-thread-1 got lock 6
pool-3-thread-1 got lock 6
pool-3-thread-1 got lock 6
pool-3-thread-1 got lock 6
pool-3-thread-1 got lock 6
pool-3-thread-1 got lock 6
pool-3-thread-1 got lock 6
pool-3-thread-1 got lock 6
pool-3-thread-1 got lock 6
pool-3-thread-1 got lock 6
pool-3-thread-1 got lock 6
pool-3-thread-1 got lock 6
pool-3-thread-1 got lock 6
pool-3-thread-1 got lock 6
pool-3-thread-1 got lock 6
pool-3-thread-1 got lock 6
pool-3-thread-1 got lock 6
pool-3-thread-1 got lock 6
pool-3-thread-1 got lock 6
pool-3-thread-1 got lock 6
pool-3-thread-1 got lock 6
pool-3-thread-1 got lock 6
pool-3-thread-1 got lock 6
pool-3-thread-1 got lock 6
pool-3-thread-1 got lock 6
pool-3-thread-1 got lock 6
pool-3-thread-1 got lock 6
pool-3-thread-1 got lock 6
pool-3-thread-1 got lock 6
pool-3-thread-1 got lock 6
pool-3-thread-1 got lock 6
pool-3-thread-1 got lock 6
pool-3-thread-1 got lock 6
pool-3-thread-1 got lock 6
pool-3-thread-1 got lock 6
pool-3-thread-1 got lock 6
pool-3-thread-1 got lock 6
pool-3-thread-1 got lock 6
pool-3-thread-1 got lock 6
pool-3-thread-1 got lock 6
pool-3-thread-1 got lock 6
pool-3-thread-1 got lock 6
pool-3-thread-1 got lock 6
pool-3-thread-1 got lock 6
pool-3-thread-1 got lock 6
pool-3-thread-1 got lock 6
pool-3-thread-1 got lock 6
pool-3-thread-1 got lock 6
pool-3-thread-1 got lock 6
pool-3-thread-1 got lock 6
pool-3-thread-1 got lock 6
pool-3-thread-1 got lock 6
pool-3-thread-1 got lock 6
pool-3-thread-1 got lock 6
pool-3-thread-1 got lock 6
pool-3-thread-1 got lock 6
pool-3-thread-1 got lock 6
pool-3-thread-1 got lock 6
pool-3-thread-1 got lock 6
pool-3-thread-1 got lock 6
pool-3-thread-1 got lock 6
pool-3-thread-1 got lock 6
pool-3-thread-1 got lock 6
pool-3-thread-1 got lock 6
pool-3-thread-1 got lock 6
pool-3-thread-1 got lock 6
pool-3-thread-1 got lock 6
pool-3-thread-1 got lock 6
pool-3-thread-1 got lock 6
pool-3-thread-1 got lock 6
pool-3-thread-1 got lock 6
pool-3-thread-1 got lock 6
pool-3-thread-1 got lock 6
pool-3-thread-1 got lock 6
pool-3-thread-1 got lock 6
pool-3-thread-1 got lock 6
pool-3-thread-1 got lock 6
pool-3-thread-1 got lock 6
pool-3-thread-1 got lock 6
pool-3-thread-1 got lock 6
pool-3-thread-1 got lock 6
pool-3-thread-1 got lock 6
pool-3-thread-1 got lock 6
pool-3-thread-1 got lock 6
pool-3-thread-1 got lock 6
pool-3-thread-1 got lock 6
pool-3-thread-1 got lock 6
pool-3-thread-1 got lock 6
pool-3-thread-1 got lock 6
pool-3-thread-1 got lock 6
pool-3-thread-1 got lock 6
[0]->null
[1]->null
[2]->null
[3]->null
[4]->null
[5]->null
[6] ->(foo, val999)->
[7]->null
[8]->null
[9]->null
[10]->null
[11]->null
[12]->null
[13]->null
[14]->null
[15]->null

]]></system-out>
  </testcase>
</testsuite>